#
# There is insufficient memory for the Java Runtime Environment to continue.
# Native memory allocation (malloc) failed to allocate 1011296 bytes for Chunk::new
# Possible reasons:
#   The system is out of physical RAM or swap space
#   In 32 bit mode, the process size limit was hit
# Possible solutions:
#   Reduce memory load on the system
#   Increase physical memory or swap space
#   Check if swap backing store is full
#   Use 64 bit Java on a 64 bit OS
#   Decrease Java heap size (-Xmx/-Xms)
#   Decrease number of Java threads
#   Decrease Java thread stack sizes (-Xss)
#   Set larger code cache with -XX:ReservedCodeCacheSize=
# This output file may be truncated or incomplete.
#
#  Out of Memory Error (allocation.cpp:390), pid=10184, tid=0x000000000000141c
#
# JRE version: OpenJDK Runtime Environment (8.0_152-b01) (build 1.8.0_152-release-915-b01)
# Java VM: OpenJDK 64-Bit Server VM (25.152-b01 mixed mode windows-amd64 compressed oops)
# Failed to write core dump. Minidumps are not enabled by default on client versions of Windows
#

---------------  T H R E A D  ---------------

Current thread (0x00000000188cc800):  JavaThread "C2 CompilerThread1" daemon [_thread_in_native, id=5148, stack(0x0000000019280000,0x0000000019380000)]

Stack: [0x0000000019280000,0x0000000019380000]
[error occurred during error reporting (printing stack bounds), id 0xc0000005]

Native frames: (J=compiled Java code, j=interpreted, Vv=VM code, C=native code)


Current CompileTask:
C2:2410952 25586       4       org.gradle.api.internal.artifacts.ivyservice.resolveengine.graph.DependencyGraphBuilder::performSelection (98 bytes)


---------------  P R O C E S S  ---------------

Java Threads: ( => current thread )
  0x0000000020856000 JavaThread "Task worker for ':' Thread 7" [_thread_blocked, id=3876, stack(0x0000000040020000,0x0000000040120000)]
  0x0000000020855000 JavaThread "Task worker for ':' Thread 6" [_thread_blocked, id=3032, stack(0x000000003ff20000,0x0000000040020000)]
  0x0000000020852000 JavaThread "Task worker for ':' Thread 5" [_thread_blocked, id=12436, stack(0x000000003fe20000,0x000000003ff20000)]
  0x000000002084c800 JavaThread "Task worker for ':' Thread 4" [_thread_blocked, id=13156, stack(0x000000003fd20000,0x000000003fe20000)]
  0x000000002084c000 JavaThread "Task worker for ':' Thread 3" [_thread_blocked, id=9656, stack(0x000000003fc20000,0x000000003fd20000)]
  0x000000002084d800 JavaThread "Task worker for ':' Thread 2" [_thread_blocked, id=6732, stack(0x000000003fb20000,0x000000003fc20000)]
  0x000000002084a800 JavaThread "Task worker for ':'" [_thread_in_native, id=6252, stack(0x000000003fa20000,0x000000003fb20000)]
  0x000000002084b000 JavaThread "Cache worker for task history cache (D:\MyMenu\.gradle\4.1\taskHistory)" [_thread_blocked, id=9292, stack(0x000000003f920000,0x000000003fa20000)]
  0x0000000020850800 JavaThread "Cache worker for file content cache (D:\MyMenu\.gradle\4.1\fileContent)" [_thread_blocked, id=11216, stack(0x000000003f820000,0x000000003f920000)]
  0x000000002084f000 JavaThread "build operations Thread 8" [_thread_blocked, id=12400, stack(0x000000003f720000,0x000000003f820000)]
  0x0000000020847800 JavaThread "build operations Thread 7" [_thread_blocked, id=1444, stack(0x000000003f620000,0x000000003f720000)]
  0x0000000020848000 JavaThread "build operations Thread 6" [_thread_blocked, id=7296, stack(0x000000003f520000,0x000000003f620000)]
  0x0000000020849800 JavaThread "build operations Thread 5" [_thread_blocked, id=9652, stack(0x000000003f420000,0x000000003f520000)]
  0x000000001f1b1000 JavaThread "build operations Thread 4" [_thread_blocked, id=1640, stack(0x000000003f320000,0x000000003f420000)]
  0x000000001f1b5800 JavaThread "build operations Thread 3" [_thread_blocked, id=10916, stack(0x000000003f220000,0x000000003f320000)]
  0x000000001f1b4000 JavaThread "build operations Thread 2" [_thread_blocked, id=11896, stack(0x000000003f120000,0x000000003f220000)]
  0x000000001f1a9800 JavaThread "build operations" [_thread_blocked, id=8332, stack(0x000000003f020000,0x000000003f120000)]
  0x000000001f1af800 JavaThread "Cache worker for Artifact transforms cache (D:\systems\.gradle\caches\transforms-1)" [_thread_blocked, id=8440, stack(0x000000003ef20000,0x000000003f020000)]
  0x000000001f1b3000 JavaThread "Cache worker for file hash cache (D:\MyMenu\.gradle\4.1\fileHashes)" [_thread_blocked, id=5476, stack(0x000000003ee20000,0x000000003ef20000)]
  0x000000001f1a7000 JavaThread "Stdin handler" [_thread_blocked, id=8112, stack(0x000000003ed20000,0x000000003ee20000)]
  0x000000001f1a6800 JavaThread "Asynchronous log dispatcher for DefaultDaemonConnection: socket connection from /127.0.0.1:8194 to /127.0.0.1:10396" [_thread_blocked, id=8104, stack(0x000000003ec20000,0x000000003ed20000)]
  0x000000001f1ad000 JavaThread "Cancel handler" [_thread_blocked, id=7616, stack(0x000000003eb20000,0x000000003ec20000)]
  0x000000001f1ab800 JavaThread "Handler for socket connection from /127.0.0.1:8194 to /127.0.0.1:10396" [_thread_in_native, id=10524, stack(0x000000003ea20000,0x000000003eb20000)]
  0x000000001e47c000 JavaThread "ForkJoinPool.commonPool-worker-6" daemon [_thread_blocked, id=9568, stack(0x000000003cd20000,0x000000003ce20000)]
  0x000000001e47b000 JavaThread "ForkJoinPool.commonPool-worker-5" daemon [_thread_blocked, id=10644, stack(0x000000003cc20000,0x000000003cd20000)]
  0x000000001e47f000 JavaThread "ForkJoinPool.commonPool-worker-4" daemon [_thread_blocked, id=8624, stack(0x000000003cb20000,0x000000003cc20000)]
  0x000000001b679800 JavaThread "Daemon worker Thread 11" [_thread_blocked, id=1684, stack(0x000000003b120000,0x000000003b220000)]
  0x000000001b677000 JavaThread "Daemon Thread 11" [_thread_blocked, id=3756, stack(0x000000003ae20000,0x000000003af20000)]
  0x000000001f1ac800 JavaThread "Memory manager" [_thread_blocked, id=12812, stack(0x0000000022910000,0x0000000022a10000)]
  0x000000001ab6c800 JavaThread "File lock request listener" [_thread_in_native, id=4224, stack(0x000000001d1b0000,0x000000001d2b0000)]
  0x000000001a574800 JavaThread "Cache worker for file hash cache (D:\systems\.gradle\caches\4.1\fileHashes)" [_thread_blocked, id=1440, stack(0x000000001d0b0000,0x000000001d1b0000)]
  0x000000001af21000 JavaThread "Daemon periodic checks" [_thread_blocked, id=4444, stack(0x000000001c6b0000,0x000000001c7b0000)]
  0x000000001a709800 JavaThread "Incoming local TCP Connector on port 8194" [_thread_in_native, id=12036, stack(0x000000001af50000,0x000000001b050000)]
  0x00000000189a1800 JavaThread "Service Thread" daemon [_thread_blocked, id=10180, stack(0x0000000019580000,0x0000000019680000)]
  0x0000000018912000 JavaThread "C1 CompilerThread3" daemon [_thread_blocked, id=2648, stack(0x0000000019480000,0x0000000019580000)]
  0x00000000169d9800 JavaThread "C2 CompilerThread2" daemon [_thread_in_native, id=8900, stack(0x0000000019380000,0x0000000019480000)]
=>0x00000000188cc800 JavaThread "C2 CompilerThread1" daemon [_thread_in_native, id=5148, stack(0x0000000019280000,0x0000000019380000)]
  0x00000000188c8800 JavaThread "C2 CompilerThread0" daemon [_thread_in_native, id=11996, stack(0x0000000019180000,0x0000000019280000)]
  0x00000000188c6000 JavaThread "Attach Listener" daemon [_thread_blocked, id=8452, stack(0x0000000019080000,0x0000000019180000)]
  0x0000000018911800 JavaThread "Signal Dispatcher" daemon [_thread_blocked, id=2300, stack(0x0000000018f80000,0x0000000019080000)]
  0x0000000004cae800 JavaThread "Finalizer" daemon [_thread_blocked, id=2476, stack(0x0000000018c90000,0x0000000018d90000)]
  0x00000000169cb800 JavaThread "Reference Handler" daemon [_thread_blocked, id=10668, stack(0x0000000018790000,0x0000000018890000)]
  0x0000000004bae800 JavaThread "main" [_thread_blocked, id=10672, stack(0x0000000004a10000,0x0000000004b10000)]

Other Threads:
  0x00000000169c5800 VMThread [stack: 0x0000000018690000,0x0000000018790000] [id=2544]
  0x0000000018938800 WatcherThread [stack: 0x0000000019680000,0x0000000019780000] [id=1316]

VM state:not at safepoint (normal execution)

VM Mutex/Monitor currently owned by a thread: None

Heap:
 PSYoungGen      total 192000K, used 40382K [0x00000000f2b00000, 0x0000000100000000, 0x0000000100000000)
  eden space 170496K, 21% used [0x00000000f2b00000,0x00000000f4e8b2c0,0x00000000fd180000)
  from space 21504K, 18% used [0x00000000fd180000,0x00000000fd564590,0x00000000fe680000)
  to   space 21504K, 0% used [0x00000000feb00000,0x00000000feb00000,0x0000000100000000)
 ParOldGen       total 211968K, used 87652K [0x00000000d8000000, 0x00000000e4f00000, 0x00000000f2b00000)
  object space 211968K, 41% used [0x00000000d8000000,0x00000000dd599358,0x00000000e4f00000)
 Metaspace       used 90235K, capacity 99452K, committed 99672K, reserved 1134592K
  class space    used 11566K, capacity 13683K, committed 13696K, reserved 1048576K

Card table byte_map: [0x0000000014070000,0x00000000141c0000] byte_map_base: 0x00000000139b0000

Marking Bits: (ParMarkBitMap*) 0x000000006a3c3950
 Begin Bits: [0x0000000014aa0000, 0x00000000154a0000)
 End Bits:   [0x00000000154a0000, 0x0000000015ea0000)

Polling page: 0x0000000004990000

CodeCache: size=245760Kb used=70917Kb max_used=72106Kb free=174842Kb
 bounds [0x0000000004cb0000, 0x0000000009390000, 0x0000000013cb0000]
 total_blobs=20483 nmethods=19634 adapters=760
 compilation: enabled

Compilation events (10 events):
Event: 2410.389 Thread 0x0000000018912000 25610       3       java.net.URI::access$2100 (4 bytes)
Event: 2410.389 Thread 0x0000000018912000 nmethod 25610 0x00000000074da210 code [0x00000000074da360, 0x00000000074da490]
Event: 2410.397 Thread 0x0000000018912000 25611       3       org.gradle.api.internal.artifacts.ivyservice.resolveengine.excludes.IntersectionExclusion::excludeArtifact (45 bytes)
Event: 2410.397 Thread 0x0000000018912000 nmethod 25611 0x000000000821a9d0 code [0x000000000821aba0, 0x000000000821b2b8]
Event: 2410.397 Thread 0x0000000018912000 25612       3       org.gradle.api.internal.artifacts.ivyservice.resolveengine.excludes.IntersectionExclusion::mayExcludeArtifacts (41 bytes)
Event: 2410.398 Thread 0x0000000018912000 nmethod 25612 0x0000000007976090 code [0x0000000007976260, 0x0000000007976978]
Event: 2410.431 Thread 0x00000000188c8800 nmethod 25606 0x00000000070864d0 code [0x0000000007086920, 0x0000000007089148]
Event: 2410.431 Thread 0x00000000188c8800 25607       4       org.gradle.api.internal.DelegatingDomainObjectSet::iterator (10 bytes)
Event: 2410.447 Thread 0x0000000018912000 25614       3       com.android.repository.Revision::toString (9 bytes)
Event: 2410.448 Thread 0x0000000018912000 nmethod 25614 0x0000000007589f50 code [0x000000000758a0c0, 0x000000000758a268]

GC Heap History (10 events):
Event: 2258.912 GC heap before
{Heap before GC invocations=57 (full 4):
 PSYoungGen      total 148992K, used 142351K [0x00000000f2b00000, 0x00000000fd700000, 0x0000000100000000)
  eden space 130048K, 99% used [0x00000000f2b00000,0x00000000fa9ddda8,0x00000000faa00000)
  from space 18944K, 65% used [0x00000000fc480000,0x00000000fd0a61c8,0x00000000fd700000)
  to   space 23040K, 0% used [0x00000000faa00000,0x00000000faa00000,0x00000000fc080000)
 ParOldGen       total 211968K, used 81943K [0x00000000d8000000, 0x00000000e4f00000, 0x00000000f2b00000)
  object space 211968K, 38% used [0x00000000d8000000,0x00000000dd005de0,0x00000000e4f00000)
 Metaspace       used 89848K, capacity 98848K, committed 99160K, reserved 1134592K
  class space    used 11529K, capacity 13575K, committed 13696K, reserved 1048576K
Event: 2258.919 GC heap after
Heap after GC invocations=57 (full 4):
 PSYoungGen      total 153088K, used 11816K [0x00000000f2b00000, 0x00000000fea80000, 0x0000000100000000)
  eden space 130048K, 0% used [0x00000000f2b00000,0x00000000f2b00000,0x00000000faa00000)
  from space 23040K, 51% used [0x00000000faa00000,0x00000000fb58a1d8,0x00000000fc080000)
  to   space 22016K, 0% used [0x00000000fd500000,0x00000000fd500000,0x00000000fea80000)
 ParOldGen       total 211968K, used 82230K [0x00000000d8000000, 0x00000000e4f00000, 0x00000000f2b00000)
  object space 211968K, 38% used [0x00000000d8000000,0x00000000dd04da10,0x00000000e4f00000)
 Metaspace       used 89848K, capacity 98848K, committed 99160K, reserved 1134592K
  class space    used 11529K, capacity 13575K, committed 13696K, reserved 1048576K
}
Event: 2275.712 GC heap before
{Heap before GC invocations=58 (full 4):
 PSYoungGen      total 153088K, used 141864K [0x00000000f2b00000, 0x00000000fea80000, 0x0000000100000000)
  eden space 130048K, 100% used [0x00000000f2b00000,0x00000000faa00000,0x00000000faa00000)
  from space 23040K, 51% used [0x00000000faa00000,0x00000000fb58a1d8,0x00000000fc080000)
  to   space 22016K, 0% used [0x00000000fd500000,0x00000000fd500000,0x00000000fea80000)
 ParOldGen       total 211968K, used 82230K [0x00000000d8000000, 0x00000000e4f00000, 0x00000000f2b00000)
  object space 211968K, 38% used [0x00000000d8000000,0x00000000dd04da10,0x00000000e4f00000)
 Metaspace       used 89911K, capacity 98848K, committed 99160K, reserved 1134592K
  class space    used 11529K, capacity 13575K, committed 13696K, reserved 1048576K
Event: 2275.721 GC heap after
Heap after GC invocations=58 (full 4):
 PSYoungGen      total 169984K, used 8999K [0x00000000f2b00000, 0x00000000fe800000, 0x0000000100000000)
  eden space 150528K, 0% used [0x00000000f2b00000,0x00000000f2b00000,0x00000000fbe00000)
  from space 19456K, 46% used [0x00000000fd500000,0x00000000fddc9e60,0x00000000fe800000)
  to   space 21504K, 0% used [0x00000000fbe00000,0x00000000fbe00000,0x00000000fd300000)
 ParOldGen       total 211968K, used 85642K [0x00000000d8000000, 0x00000000e4f00000, 0x00000000f2b00000)
  object space 211968K, 40% used [0x00000000d8000000,0x00000000dd3a2920,0x00000000e4f00000)
 Metaspace       used 89911K, capacity 98848K, committed 99160K, reserved 1134592K
  class space    used 11529K, capacity 13575K, committed 13696K, reserved 1048576K
}
Event: 2292.497 GC heap before
{Heap before GC invocations=59 (full 4):
 PSYoungGen      total 169984K, used 158526K [0x00000000f2b00000, 0x00000000fe800000, 0x0000000100000000)
  eden space 150528K, 99% used [0x00000000f2b00000,0x00000000fbd05b00,0x00000000fbe00000)
  from space 19456K, 46% used [0x00000000fd500000,0x00000000fddc9e60,0x00000000fe800000)
  to   space 21504K, 0% used [0x00000000fbe00000,0x00000000fbe00000,0x00000000fd300000)
 ParOldGen       total 211968K, used 85642K [0x00000000d8000000, 0x00000000e4f00000, 0x00000000f2b00000)
  object space 211968K, 40% used [0x00000000d8000000,0x00000000dd3a2920,0x00000000e4f00000)
 Metaspace       used 89957K, capacity 98952K, committed 99160K, reserved 1134592K
  class space    used 11532K, capacity 13581K, committed 13696K, reserved 1048576K
Event: 2292.504 GC heap after
Heap after GC invocations=59 (full 4):
 PSYoungGen      total 172032K, used 9385K [0x00000000f2b00000, 0x00000000ffc80000, 0x0000000100000000)
  eden space 150528K, 0% used [0x00000000f2b00000,0x00000000f2b00000,0x00000000fbe00000)
  from space 21504K, 43% used [0x00000000fbe00000,0x00000000fc72a7e0,0x00000000fd300000)
  to   space 20992K, 0% used [0x00000000fe800000,0x00000000fe800000,0x00000000ffc80000)
 ParOldGen       total 211968K, used 86457K [0x00000000d8000000, 0x00000000e4f00000, 0x00000000f2b00000)
  object space 211968K, 40% used [0x00000000d8000000,0x00000000dd46e5c0,0x00000000e4f00000)
 Metaspace       used 89957K, capacity 98952K, committed 99160K, reserved 1134592K
  class space    used 11532K, capacity 13581K, committed 13696K, reserved 1048576K
}
Event: 2375.101 GC heap before
{Heap before GC invocations=60 (full 4):
 PSYoungGen      total 172032K, used 159913K [0x00000000f2b00000, 0x00000000ffc80000, 0x0000000100000000)
  eden space 150528K, 100% used [0x00000000f2b00000,0x00000000fbe00000,0x00000000fbe00000)
  from space 21504K, 43% used [0x00000000fbe00000,0x00000000fc72a7e0,0x00000000fd300000)
  to   space 20992K, 0% used [0x00000000fe800000,0x00000000fe800000,0x00000000ffc80000)
 ParOldGen       total 211968K, used 86457K [0x00000000d8000000, 0x00000000e4f00000, 0x00000000f2b00000)
  object space 211968K, 40% used [0x00000000d8000000,0x00000000dd46e5c0,0x00000000e4f00000)
 Metaspace       used 90095K, capacity 99204K, committed 99416K, reserved 1134592K
  class space    used 11555K, capacity 13643K, committed 13696K, reserved 1048576K
Event: 2375.106 GC heap after
Heap after GC invocations=60 (full 4):
 PSYoungGen      total 190464K, used 3264K [0x00000000f2b00000, 0x00000000ffb80000, 0x0000000100000000)
  eden space 170496K, 0% used [0x00000000f2b00000,0x00000000f2b00000,0x00000000fd180000)
  from space 19968K, 16% used [0x00000000fe800000,0x00000000feb30020,0x00000000ffb80000)
  to   space 21504K, 0% used [0x00000000fd180000,0x00000000fd180000,0x00000000fe680000)
 ParOldGen       total 211968K, used 87298K [0x00000000d8000000, 0x00000000e4f00000, 0x00000000f2b00000)
  object space 211968K, 41% used [0x00000000d8000000,0x00000000dd540ae0,0x00000000e4f00000)
 Metaspace       used 90095K, capacity 99204K, committed 99416K, reserved 1134592K
  class space    used 11555K, capacity 13643K, committed 13696K, reserved 1048576K
}
Event: 2410.283 GC heap before
{Heap before GC invocations=61 (full 4):
 PSYoungGen      total 190464K, used 173760K [0x00000000f2b00000, 0x00000000ffb80000, 0x0000000100000000)
  eden space 170496K, 100% used [0x00000000f2b00000,0x00000000fd180000,0x00000000fd180000)
  from space 19968K, 16% used [0x00000000fe800000,0x00000000feb30020,0x00000000ffb80000)
  to   space 21504K, 0% used [0x00000000fd180000,0x00000000fd180000,0x00000000fe680000)
 ParOldGen       total 211968K, used 87298K [0x00000000d8000000, 0x00000000e4f00000, 0x00000000f2b00000)
  object space 211968K, 41% used [0x00000000d8000000,0x00000000dd540ae0,0x00000000e4f00000)
 Metaspace       used 90226K, capacity 99452K, committed 99672K, reserved 1134592K
  class space    used 11566K, capacity 13683K, committed 13696K, reserved 1048576K
Event: 2410.288 GC heap after
Heap after GC invocations=61 (full 4):
 PSYoungGen      total 192000K, used 3985K [0x00000000f2b00000, 0x0000000100000000, 0x0000000100000000)
  eden space 170496K, 0% used [0x00000000f2b00000,0x00000000f2b00000,0x00000000fd180000)
  from space 21504K, 18% used [0x00000000fd180000,0x00000000fd564590,0x00000000fe680000)
  to   space 21504K, 0% used [0x00000000feb00000,0x00000000feb00000,0x0000000100000000)
 ParOldGen       total 211968K, used 87652K [0x00000000d8000000, 0x00000000e4f00000, 0x00000000f2b00000)
  object space 211968K, 41% used [0x00000000d8000000,0x00000000dd599358,0x00000000e4f00000)
 Metaspace       used 90226K, capacity 99452K, committed 99672K, reserved 1134592K
  class space    used 11566K, capacity 13683K, committed 13696K, reserved 1048576K
}

Deoptimization events (10 events):
Event: 2292.580 Thread 0x000000001e479000 Uncommon trap: reason=unstable_if action=reinterpret pc=0x0000000004f5c1d4 method=java.lang.ref.SoftReference.get()Ljava/lang/Object; @ 6
Event: 2292.582 Thread 0x000000001e479000 Uncommon trap: reason=unstable_if action=reinterpret pc=0x0000000005306148 method=java.lang.ref.SoftReference.get()Ljava/lang/Object; @ 6
Event: 2292.583 Thread 0x000000001e479000 Uncommon trap: reason=unstable_if action=reinterpret pc=0x000000000640aefc method=java.lang.ref.SoftReference.get()Ljava/lang/Object; @ 6
Event: 2292.584 Thread 0x000000001e479000 Uncommon trap: reason=unstable_if action=reinterpret pc=0x00000000064ca188 method=java.lang.ref.SoftReference.get()Ljava/lang/Object; @ 6
Event: 2376.004 Thread 0x0000000020855000 Uncommon trap: reason=predicate action=maybe_recompile pc=0x00000000092858c8 method=com.google.common.collect.ImmutableSortedMap.fromEntries(Ljava/util/Comparator;ZI[Ljava/util/Map$Entry;)Lcom/google/common/collect/ImmutableSortedMap; @ 9
Event: 2376.028 Thread 0x0000000020855000 Uncommon trap: reason=unstable_if action=reinterpret pc=0x0000000009047124 method=com.sun.tools.javac.parser.JavaTokenizer.scanOperator()V @ 71
Event: 2376.312 Thread 0x0000000020855000 Uncommon trap: reason=array_check action=maybe_recompile pc=0x000000000930b2ec method=com.google.common.collect.ImmutableSortedMap.fromEntries(Ljava/util/Comparator;ZI[Ljava/util/Map$Entry;)Lcom/google/common/collect/ImmutableSortedMap; @ 35
Event: 2376.324 Thread 0x0000000020855000 Uncommon trap: reason=array_check action=maybe_recompile pc=0x000000000930b2ec method=com.google.common.collect.ImmutableSortedMap.fromEntries(Ljava/util/Comparator;ZI[Ljava/util/Map$Entry;)Lcom/google/common/collect/ImmutableSortedMap; @ 35
Event: 2376.337 Thread 0x0000000020855000 Uncommon trap: reason=array_check action=maybe_recompile pc=0x000000000930b2ec method=com.google.common.collect.ImmutableSortedMap.fromEntries(Ljava/util/Comparator;ZI[Ljava/util/Map$Entry;)Lcom/google/common/collect/ImmutableSortedMap; @ 35
Event: 2376.449 Thread 0x0000000020855000 Uncommon trap: reason=array_check action=maybe_recompile pc=0x000000000930b2ec method=com.google.common.collect.ImmutableSortedMap.fromEntries(Ljava/util/Comparator;ZI[Ljava/util/Map$Entry;)Lcom/google/common/collect/ImmutableSortedMap; @ 35

Classes redefined (0 events):
No events

Internal exceptions (10 events):
Event: 2373.569 Thread 0x000000001b679800 Exception <a 'java/lang/NoSuchMethodError': <clinit>> (0x00000000fa5abc90) thrown at [D:\src\AOSP-openjdk-cygwin\jdk8u\hotspot\src\share\vm\prims\jni.cpp, line 1613]
Event: 2373.570 Thread 0x000000001b679800 Exception <a 'java/lang/NoSuchMethodError': <clinit>> (0x00000000fa5d1000) thrown at [D:\src\AOSP-openjdk-cygwin\jdk8u\hotspot\src\share\vm\prims\jni.cpp, line 1613]
Event: 2373.570 Thread 0x000000001b679800 Exception <a 'java/lang/NoSuchMethodError': <clinit>> (0x00000000fa5d4c58) thrown at [D:\src\AOSP-openjdk-cygwin\jdk8u\hotspot\src\share\vm\prims\jni.cpp, line 1613]
Event: 2373.570 Thread 0x000000001b679800 Exception <a 'java/lang/NoSuchMethodError': <clinit>> (0x00000000fa5d6760) thrown at [D:\src\AOSP-openjdk-cygwin\jdk8u\hotspot\src\share\vm\prims\jni.cpp, line 1613]
Event: 2374.057 Thread 0x000000001b679800 Exception <a 'java/lang/ClassNotFoundException': sync_local_repo26_ej3j9uyp7hcf4adjfgfwm5nymBeanInfo> (0x00000000fa7a0670) thrown at [D:\src\AOSP-openjdk-cygwin\jdk8u\hotspot\src\share\vm\classfile\systemDictionary.cpp, line 210]
Event: 2374.058 Thread 0x000000001b679800 Exception <a 'java/lang/ClassNotFoundException': sync_local_repo26_ej3j9uyp7hcf4adjfgfwm5nymCustomizer> (0x00000000fa7aac20) thrown at [D:\src\AOSP-openjdk-cygwin\jdk8u\hotspot\src\share\vm\classfile\systemDictionary.cpp, line 210]
Event: 2376.425 Thread 0x000000001f1b1000 Exception <a 'sun/nio/fs/WindowsException'> (0x00000000f96e5960) thrown at [D:\src\AOSP-openjdk-cygwin\jdk8u\hotspot\src\share\vm\prims\jni.cpp, line 709]
Event: 2381.033 Thread 0x000000001b679800 Exception <a 'sun/nio/fs/WindowsException'> (0x00000000fac0d280) thrown at [D:\src\AOSP-openjdk-cygwin\jdk8u\hotspot\src\share\vm\prims\jni.cpp, line 709]
Event: 2410.206 Thread 0x000000001b679800 Exception <a 'java/lang/ClassNotFoundException': sync_local_repo412_e7bzw1o6lcfyb57fglzjukcv2BeanInfo> (0x00000000fb13a528) thrown at [D:\src\AOSP-openjdk-cygwin\jdk8u\hotspot\src\share\vm\classfile\systemDictionary.cpp, line 210]
Event: 2410.206 Thread 0x000000001b679800 Exception <a 'java/lang/ClassNotFoundException': sync_local_repo412_e7bzw1o6lcfyb57fglzjukcv2Customizer> (0x00000000fb144af8) thrown at [D:\src\AOSP-openjdk-cygwin\jdk8u\hotspot\src\share\vm\classfile\systemDictionary.cpp, line 210]

Events (10 events):
Event: 2410.381 Executing VM operation: RevokeBias
Event: 2410.382 Executing VM operation: RevokeBias done
Event: 2410.382 Executing VM operation: RevokeBias
Event: 2410.382 Executing VM operation: RevokeBias done
Event: 2410.396 Executing VM operation: RevokeBias
Event: 2410.396 Executing VM operation: RevokeBias done
Event: 2410.400 Executing VM operation: RevokeBias
Event: 2410.400 Executing VM operation: RevokeBias done
Event: 2410.401 Executing VM operation: RevokeBias
Event: 2410.401 Executing VM operation: RevokeBias done


Dynamic libraries:
0x00007ff7c2740000 - 0x00007ff7c2771000 	C:\Program Files\Android\Android Studio\jre\bin\java.exe
0x00007ffb5b290000 - 0x00007ffb5b470000 	C:\WINDOWS\SYSTEM32\ntdll.dll
0x00007ffb58e00000 - 0x00007ffb58eae000 	C:\WINDOWS\System32\KERNEL32.DLL
0x00007ffb57830000 - 0x00007ffb57a96000 	C:\WINDOWS\System32\KERNELBASE.dll
0x00007ffb58760000 - 0x00007ffb58801000 	C:\WINDOWS\System32\ADVAPI32.dll
0x00007ffb58fe0000 - 0x00007ffb5907d000 	C:\WINDOWS\System32\msvcrt.dll
0x00007ffb58ce0000 - 0x00007ffb58d3b000 	C:\WINDOWS\System32\sechost.dll
0x00007ffb59620000 - 0x00007ffb5973f000 	C:\WINDOWS\System32\RPCRT4.dll
0x00007ffb59460000 - 0x00007ffb595ef000 	C:\WINDOWS\System32\USER32.dll
0x00007ffb57b00000 - 0x00007ffb57b20000 	C:\WINDOWS\System32\win32u.dll
0x00007ffb595f0000 - 0x00007ffb59618000 	C:\WINDOWS\System32\GDI32.dll
0x00007ffb57690000 - 0x00007ffb57823000 	C:\WINDOWS\System32\gdi32full.dll
0x00007ffb57ca0000 - 0x00007ffb57d3b000 	C:\WINDOWS\System32\msvcp_win.dll
0x00007ffb58490000 - 0x00007ffb58586000 	C:\WINDOWS\System32\ucrtbase.dll
0x00007ffb49e90000 - 0x00007ffb4a0f9000 	C:\WINDOWS\WinSxS\amd64_microsoft.windows.common-controls_6595b64144ccf1df_6.0.16299.125_none_15cbcf8893620c09\COMCTL32.dll
0x00007ffb59740000 - 0x00007ffb59a48000 	C:\WINDOWS\System32\combase.dll
0x00007ffb57bd0000 - 0x00007ffb57c42000 	C:\WINDOWS\System32\bcryptPrimitives.dll
0x00007ffb5b120000 - 0x00007ffb5b14d000 	C:\WINDOWS\System32\IMM32.DLL
0x0000000069b20000 - 0x0000000069bf2000 	C:\Program Files\Android\Android Studio\jre\jre\bin\msvcr100.dll
0x0000000069c00000 - 0x000000006a43e000 	C:\Program Files\Android\Android Studio\jre\jre\bin\server\jvm.dll
0x00007ffb58880000 - 0x00007ffb58888000 	C:\WINDOWS\System32\PSAPI.DLL
0x00007ffb4bde0000 - 0x00007ffb4bde9000 	C:\WINDOWS\SYSTEM32\WSOCK32.dll
0x00007ffb531f0000 - 0x00007ffb53213000 	C:\WINDOWS\SYSTEM32\WINMM.dll
0x00007ffb4c290000 - 0x00007ffb4c29a000 	C:\WINDOWS\SYSTEM32\VERSION.dll
0x00007ffb58810000 - 0x00007ffb5887c000 	C:\WINDOWS\System32\WS2_32.dll
0x00007ffb531c0000 - 0x00007ffb531ea000 	C:\WINDOWS\SYSTEM32\winmmbase.dll
0x00007ffb57c50000 - 0x00007ffb57c9a000 	C:\WINDOWS\System32\cfgmgr32.dll
0x00007ffb4f7c0000 - 0x00007ffb4f7cf000 	C:\Program Files\Android\Android Studio\jre\jre\bin\verify.dll
0x00007ffb42360000 - 0x00007ffb42389000 	C:\Program Files\Android\Android Studio\jre\jre\bin\java.dll
0x00007ffb4f7a0000 - 0x00007ffb4f7b6000 	C:\Program Files\Android\Android Studio\jre\jre\bin\zip.dll
0x00007ffb59a50000 - 0x00007ffb5ae86000 	C:\WINDOWS\System32\SHELL32.dll
0x00007ffb58f30000 - 0x00007ffb58fd6000 	C:\WINDOWS\System32\shcore.dll
0x00007ffb57d40000 - 0x00007ffb58487000 	C:\WINDOWS\System32\windows.storage.dll
0x00007ffb591d0000 - 0x00007ffb59221000 	C:\WINDOWS\System32\shlwapi.dll
0x00007ffb57670000 - 0x00007ffb57681000 	C:\WINDOWS\System32\kernel.appcore.dll
0x00007ffb575e0000 - 0x00007ffb5762c000 	C:\WINDOWS\System32\powrprof.dll
0x00007ffb57630000 - 0x00007ffb5764b000 	C:\WINDOWS\System32\profapi.dll
0x00007ffb4a750000 - 0x00007ffb4a76a000 	C:\Program Files\Android\Android Studio\jre\jre\bin\net.dll
0x00007ffb56e10000 - 0x00007ffb56e76000 	C:\WINDOWS\system32\mswsock.dll
0x00007ffb47110000 - 0x00007ffb47121000 	C:\Program Files\Android\Android Studio\jre\jre\bin\nio.dll
0x00007ffb38c10000 - 0x00007ffb38c2e000 	D:\systems\.gradle\native\25\windows-amd64\native-platform.dll
0x00007ffb4f510000 - 0x00007ffb4f51d000 	C:\Program Files\Android\Android Studio\jre\jre\bin\management.dll
0x00007ffb56fd0000 - 0x00007ffb56fe7000 	C:\WINDOWS\SYSTEM32\CRYPTSP.dll
0x00007ffb56a20000 - 0x00007ffb56a53000 	C:\WINDOWS\system32\rsaenh.dll
0x00007ffb570d0000 - 0x00007ffb570f5000 	C:\WINDOWS\SYSTEM32\bcrypt.dll
0x00007ffb57510000 - 0x00007ffb57539000 	C:\WINDOWS\SYSTEM32\USERENV.dll
0x00007ffb574d0000 - 0x00007ffb574db000 	C:\WINDOWS\SYSTEM32\CRYPTBASE.dll
0x00007ffb56ba0000 - 0x00007ffb56bd9000 	C:\WINDOWS\SYSTEM32\IPHLPAPI.DLL
0x00007ffb5b110000 - 0x00007ffb5b118000 	C:\WINDOWS\System32\NSI.dll
0x00007ffb510c0000 - 0x00007ffb510d6000 	C:\WINDOWS\SYSTEM32\dhcpcsvc6.DLL
0x00007ffb510a0000 - 0x00007ffb510ba000 	C:\WINDOWS\SYSTEM32\dhcpcsvc.DLL
0x00007ffb56720000 - 0x00007ffb56751000 	C:\WINDOWS\SYSTEM32\ntmarta.dll

VM Arguments:
jvm_args: -Xmx640m -Dfile.encoding=x-windows-874 -Duser.country=US -Duser.language=en -Duser.variant 
java_command: org.gradle.launcher.daemon.bootstrap.GradleDaemon 4.1
java_class_path (initial): D:\systems\.gradle\wrapper\dists\gradle-4.1-all\bzyivzo6n839fup2jbap0tjew\gradle-4.1\lib\gradle-launcher-4.1.jar
Launcher Type: SUN_STANDARD

Environment Variables:
JAVA_HOME=C:\Program Files\Java\jdk1.8.0_144
PATH=C:\Python3\;C:\Python3\Scripts;C:\WinAVR-20100110\bin;C:\WinAVR-20100110\utils\bin;C:\ProgramData\Oracle\Java\javapath;C:\WINDOWS\system32;C:\WINDOWS;C:\WINDOWS\System32\Wbem;C:\WINDOWS\System32\WindowsPowerShell\v1.0\;C:\Program Files\MATLAB\R2014a\runtime\win64;C:\Program Files\MATLAB\R2014a\bin;C:\Program Files\MATLAB\R2014a\polyspace\bin;C:\Program Files (x86)\Microsoft SQL Server\100\Tools\Binn\;C:\Program Files\Microsoft SQL Server\100\Tools\Binn\;C:\Program Files\Microsoft SQL Server\100\DTS\Binn\;C:\Program Files\Java\jdk1.8.0_144\bin;C:\Program Files (x86)\VideoLAN\VLC;C:\cygwin64\bin;C:\Program Files\node;C:\Program Files\node\node_modules\npm\bin;C:\Program Files\Git\cmd;C:\Program Files\Docker Toolbox;C:\Program Files\nodejs\;C:\Users\%USERSNAME%\AppData\Roaming\npm;C:\Users\5835512009\AppData\Local\Microsoft\WindowsApps;
USERNAME=5835512009
OS=Windows_NT
PROCESSOR_IDENTIFIER=Intel64 Family 6 Model 60 Stepping 3, GenuineIntel



---------------  S Y S T E M  ---------------

OS: Windows 10.0 , 64 bit Build 16299 (10.0.16299.15)

CPU:total 8 (initial active 8) (4 cores per cpu, 2 threads per core) family 6 model 60 stepping 3, cmov, cx8, fxsr, mmx, sse, sse2, sse3, ssse3, sse4.1, sse4.2, popcnt, avx, avx2, clmul, erms, lzcnt, ht, tsc, tscinvbit, bmi1, bmi2

Memory: 4k page, physical 8261292k(1231968k free), swap 8261292k(6040k free)

vm_info: OpenJDK 64-Bit Server VM (25.152-b01) for windows-amd64 JRE (1.8.0_152-release-915-b01), built by "builder" with MS VC++ 10.0 (VS2010)

time: Thu Mar 29 18:28:34 2018
elapsed time: 2410 seconds (0d 0h 40m 10s)

